<?xml version="1.0" encoding="UTF-8"?>
<!-- Generated by org.testng.reporters.JUnitReportReporter -->
<testsuite skipped="0" hostname="QTLSYS2-47-PC" name="Trigger.TRIGGER" tests="1" failures="0" timestamp="23 Dec 2024 11:13:29 GMT" time="27.385" errors="0">
  <testcase name="login" time="27.385" classname="Trigger.TRIGGER"/>
</testsuite> <!-- Trigger.TRIGGER -->
