<?xml version="1.0" encoding="UTF-8"?>
<!-- Generated by org.testng.reporters.JUnitReportReporter -->
<testsuite skipped="0" hostname="QTLSYS2-47-PC" name="TestCases.DefaultFullpaymentTest" tests="6" failures="0" timestamp="25 Dec 2024 05:22:20 GMT" time="35.394" errors="0">
  <testcase name="storeLogin" time="2.534" classname="TestCases.DefaultFullpaymentTest"/>
  <testcase name="defpayemt" time="9.487" classname="TestCases.DefaultFullpaymentTest"/>
  <testcase name="LoanLink" time="0.952" classname="TestCases.DefaultFullpaymentTest"/>
  <testcase name="performAdvanceSearch" time="6.998" classname="TestCases.DefaultFullpaymentTest"/>
  <testcase name="authorization" time="9.347" classname="TestCases.DefaultFullpaymentTest"/>
  <testcase name="ActionsBtn" time="6.076" classname="TestCases.DefaultFullpaymentTest"/>
</testsuite> <!-- TestCases.DefaultFullpaymentTest -->
