<?xml version="1.0" encoding="UTF-8"?>
<!-- Generated by org.testng.reporters.JUnitReportReporter -->
<testsuite skipped="0" hostname="QTLSYS2-47-PC" name="TestCases.VoidBuybackTest" tests="6" failures="0" timestamp="24 Dec 2024 18:28:57 GMT" time="48.659" errors="0">
  <testcase name="performAdvanceSearch" time="6.983" classname="TestCases.VoidBuybackTest"/>
  <testcase name="LoanLink" time="5.036" classname="TestCases.VoidBuybackTest"/>
  <testcase name="authorization" time="9.357" classname="TestCases.VoidBuybackTest"/>
  <testcase name="voiddef" time="12.641" classname="TestCases.VoidBuybackTest"/>
  <testcase name="ActionsBtn" time="12.333" classname="TestCases.VoidBuybackTest"/>
  <testcase name="storeLogin" time="2.309" classname="TestCases.VoidBuybackTest"/>
</testsuite> <!-- TestCases.VoidBuybackTest -->
