<?xml version="1.0" encoding="UTF-8"?>
<!-- Generated by org.testng.reporters.JUnitReportReporter -->
<testsuite skipped="0" hostname="QTLSYS2-47-PC" name="TestCases.loginTestcae" tests="1" failures="0" timestamp="07 Dec 2024 17:42:31 GMT" time="2.616" errors="0">
  <testcase name="storeLogin" time="2.616" classname="TestCases.loginTestcae"/>
</testsuite> <!-- TestCases.loginTestcae -->
