<?xml version="1.0" encoding="UTF-8"?>
<!-- Generated by org.testng.reporters.JUnitReportReporter -->
<testsuite skipped="0" hostname="QTLSYS2-47-PC" name="TestCases.BuyBackPaymentTest" tests="6" failures="0" timestamp="25 Dec 2024 05:21:12 GMT" time="60.140" errors="0">
  <testcase name="storeLogin" time="7.010" classname="TestCases.BuyBackPaymentTest"/>
  <testcase name="buypayemt" time="9.547" classname="TestCases.BuyBackPaymentTest"/>
  <testcase name="LoanLink" time="6.221" classname="TestCases.BuyBackPaymentTest"/>
  <testcase name="performAdvanceSearch" time="7.043" classname="TestCases.BuyBackPaymentTest"/>
  <testcase name="authorization" time="10.001" classname="TestCases.BuyBackPaymentTest"/>
  <testcase name="ActionsBtn" time="20.318" classname="TestCases.BuyBackPaymentTest"/>
</testsuite> <!-- TestCases.BuyBackPaymentTest -->
